Started by user Vasyl Horbachuk
 > git rev-parse --resolve-git-dir /var/lib/jenkins/caches/git-1d76d23991e397cf6f398a8258502edd/.git # timeout=10
Setting origin to https://github.com/v-horbachuk/material-design-template
 > git config remote.origin.url https://github.com/v-horbachuk/material-design-template # timeout=10
Fetching origin...
Fetching upstream changes from origin
 > git --version # timeout=10
 > git --version # 'git version 2.25.1'
 > git config --get remote.origin.url # timeout=10
 > git fetch --tags --force --progress -- origin +refs/heads/*:refs/remotes/origin/* # timeout=10
Seen branch in repository origin/master
Seen 1 remote branch
Obtained Jenkinsfile from 446f6d0481da58faa3e83785c251ce712db4dbaf
[Pipeline] Start of Pipeline
[Pipeline] node
Running on agent in /home/jenkins/agent/workspace/VasylHorbachuk_master
[Pipeline] {
[Pipeline] stage
[Pipeline] { (Declarative: Checkout SCM)
[Pipeline] checkout
Selected Git installation does not exist. Using Default
The recommended git tool is: NONE
No credentials specified
Fetching changes from the remote Git repository
Fetching without tags
Checking out Revision 446f6d0481da58faa3e83785c251ce712db4dbaf (master)
Commit message: "Update Jenkinsfile"
 > git rev-parse --resolve-git-dir /home/jenkins/agent/workspace/VasylHorbachuk_master/.git # timeout=10
 > git config remote.origin.url https://github.com/v-horbachuk/material-design-template # timeout=10
Fetching upstream changes from https://github.com/v-horbachuk/material-design-template
 > git --version # timeout=10
 > git --version # 'git version 2.25.1'
 > git fetch --no-tags --force --progress -- https://github.com/v-horbachuk/material-design-template +refs/heads/*:refs/remotes/origin/* # timeout=10
 > git config core.sparsecheckout # timeout=10
 > git checkout -f 446f6d0481da58faa3e83785c251ce712db4dbaf # timeout=10
 > git rev-list --no-walk 197d117eb0fb9f57fbc95281bc6cc8f0626d6735 # timeout=10
[Pipeline] }
[Pipeline] // stage
[Pipeline] withEnv
[Pipeline] {
[Pipeline] stage
[Pipeline] { (Declarative: Tool Install)
[Pipeline] tool
[Pipeline] envVarsForTool
[Pipeline] }
[Pipeline] // stage
[Pipeline] withEnv
[Pipeline] {
[Pipeline] stage
[Pipeline] { (Checkout Repository)
[Pipeline] tool
[Pipeline] envVarsForTool
[Pipeline] withEnv
[Pipeline] {
[Pipeline] checkout
Selected Git installation does not exist. Using Default
The recommended git tool is: NONE
No credentials specified
Fetching changes from the remote Git repository
Fetching without tags
Checking out Revision 446f6d0481da58faa3e83785c251ce712db4dbaf (master)
Commit message: "Update Jenkinsfile"
[Pipeline] }
[Pipeline] // withEnv
[Pipeline] }
[Pipeline] // stage
[Pipeline] stage
[Pipeline] { (Compressing)
[Pipeline] parallel
[Pipeline] { (Branch: Compressing JS)
[Pipeline] { (Branch: Compressing CSS)
[Pipeline] stage
[Pipeline] { (Compressing JS)
[Pipeline] stage
[Pipeline] { (Compressing CSS)
[Pipeline] tool
[Pipeline] tool
[Pipeline] envVarsForTool
[Pipeline] envVarsForTool
[Pipeline] withEnv
[Pipeline] {
[Pipeline] sh
[Pipeline] withEnv
[Pipeline] {
[Pipeline] sh
+ uglifyjs ./www/js/init.js ./www/js/jquery-2.1.1.min.js ./www/js/materialize.js ./www/js/materialize.min.js ./www/js/modernizr.js -c -o ./www/min/compressed-js.js
 > git rev-parse --resolve-git-dir /home/jenkins/agent/workspace/VasylHorbachuk_master/.git # timeout=10
 > git config remote.origin.url https://github.com/v-horbachuk/material-design-template # timeout=10
Fetching upstream changes from https://github.com/v-horbachuk/material-design-template
 > git --version # timeout=10
 > git --version # 'git version 2.25.1'
 > git fetch --no-tags --force --progress -- https://github.com/v-horbachuk/material-design-template +refs/heads/*:refs/remotes/origin/* # timeout=10
 > git config core.sparsecheckout # timeout=10
 > git checkout -f 446f6d0481da58faa3e83785c251ce712db4dbaf # timeout=10
+ cleancss ./www/css/font-awesome.min.css ./www/css/materialize.css ./www/css/materialize.min.css ./www/css/style.css -o ./www/min/compressed-css.css
[Pipeline] }
[Pipeline] // withEnv
[Pipeline] }
[Pipeline] // stage
[Pipeline] }
[Pipeline] }
[Pipeline] // withEnv
[Pipeline] }
[Pipeline] // stage
[Pipeline] }
[Pipeline] // parallel
[Pipeline] }
[Pipeline] // stage
[Pipeline] stage
[Pipeline] { (Archiving files into TAR)
[Pipeline] tool
[Pipeline] envVarsForTool
[Pipeline] withEnv
[Pipeline] {
[Pipeline] sh
+ tar --exclude-vcs --exclude=www/js --exclude=www/css -cvf build.tar .
./
tar: ./build.tar: file is the archive; not dumped
./www/
./www/fonts/
./www/fonts/fontawesome-webfont.svg
./www/fonts/fontawesome-webfont.eot
./www/fonts/fontawesome-webfont.ttf
./www/fonts/FontAwesome.otf
./www/fonts/fontawesome-webfont.woff
./www/img/
./www/img/avatar1.png
./www/img/avatar2.png
./www/img/avatar3.png
./www/img/project4.jpg
./www/img/project1.jpg
./www/img/project3.png
./www/img/project5.png
./www/img/avatar4.png
./www/img/project2.jpeg
./www/img/parallax1.png
./www/img/project6.jpeg
./www/font/
./www/font/material-design-icons/
./www/font/material-design-icons/LICENSE.txt
./www/font/material-design-icons/Material-Design-Icons.eot
./www/font/material-design-icons/Material-Design-Icons.woff2
./www/font/material-design-icons/Material-Design-Icons.ttf
./www/font/material-design-icons/Material-Design-Icons.woff
./www/font/material-design-icons/Material-Design-Icons.svg
./www/font/roboto/
./www/font/roboto/Roboto-Medium.woff
./www/font/roboto/Roboto-Bold.ttf
./www/font/roboto/Roboto-Regular.woff
./www/font/roboto/Roboto-Light.woff2
./www/font/roboto/Roboto-Thin.ttf
./www/font/roboto/Roboto-Bold.woff
./www/font/roboto/Roboto-Medium.ttf
./www/font/roboto/Roboto-Medium.woff2
./www/font/roboto/Roboto-Thin.woff2
./www/font/roboto/Roboto-Light.woff
./www/font/roboto/Roboto-Regular.woff2
./www/font/roboto/Roboto-Thin.woff
./www/font/roboto/Roboto-Bold.woff2
./www/font/roboto/Roboto-Light.ttf
./www/font/roboto/Roboto-Regular.ttf
./www/contact.php
./www/min/
./www/min/compressed-css.css
./www/min/plugin-min.js
./www/min/compressed-js.js
./www/min/custom-min.css
./www/min/custom-min.js
./www/min/plugin-min.css
./www/index.html
./www/favicon.ico
./Jenkinsfile
./Week2_CI-CD_tools_VasylHorbachuk/
./Week2_CI-CD_tools_VasylHorbachuk/README.md
./Week1_Linux_Nginx/
./Week1_Linux_Nginx/pulling_from_git_cron.sh
./Week1_Linux_Nginx/README.md
./Week1_Linux_Nginx/executed-commands.txt
[Pipeline] }
[Pipeline] // withEnv
[Pipeline] }
[Pipeline] // stage
[Pipeline] stage
[Pipeline] { (Archiving artifacts to Jenkins)
[Pipeline] tool
[Pipeline] envVarsForTool
[Pipeline] withEnv
[Pipeline] {
[Pipeline] archiveArtifacts
Archiving artifacts
[Pipeline] }
[Pipeline] // withEnv
[Pipeline] }
[Pipeline] // stage
[Pipeline] }
[Pipeline] // withEnv
[Pipeline] }
[Pipeline] // withEnv
[Pipeline] }
[Pipeline] // node
[Pipeline] End of Pipeline
Finished: SUCCESS
