Started by user Vasyl Horbachuk
 > git rev-parse --resolve-git-dir /var/lib/jenkins/caches/git-1d76d23991e397cf6f398a8258502edd/.git # timeout=10
Setting origin to https://github.com/v-horbachuk/material-design-template
 > git config remote.origin.url https://github.com/v-horbachuk/material-design-template # timeout=10
Fetching origin...
Fetching upstream changes from origin
 > git --version # timeout=10
 > git --version # 'git version 2.25.1'
 > git config --get remote.origin.url # timeout=10
 > git fetch --tags --force --progress -- origin +refs/heads/*:refs/remotes/origin/* # timeout=10
Seen branch in repository origin/master
Seen 1 remote branch
Obtained Jenkinsfile_scripted from ddb3e5dfd33c2b59c9361a809a49dc6b06c11864
[Pipeline] Start of Pipeline
[Pipeline] node
Running on Jenkins in /var/lib/jenkins/workspace/VasylHorbachuk_master
[Pipeline] {
[Pipeline] stage
[Pipeline] { (Build NodeJS)
[Pipeline] tool
Unpacking https://nodejs.org/dist/v16.11.1/node-v16.11.1-linux-x64.tar.gz to /var/lib/jenkins/tools/jenkins.plugins.nodejs.tools.NodeJSInstallation/nodejs16 on Jenkins
$ /var/lib/jenkins/tools/jenkins.plugins.nodejs.tools.NodeJSInstallation/nodejs16/bin/npm install -g uglify-js clean-css-cli

added 16 packages, and audited 17 packages in 3s

1 package is looking for funding
  run `npm fund` for details

found 0 vulnerabilities
npm notice 
npm notice New minor version of npm available! 8.0.0 -> 8.1.0
npm notice Changelog: <https://github.com/npm/cli/releases/tag/v8.1.0>
npm notice Run `npm install -g npm@8.1.0` to update!
npm notice 
[Pipeline] }
[Pipeline] // stage
[Pipeline] stage
[Pipeline] { (Checkout Repository)
[Pipeline] checkout
Selected Git installation does not exist. Using Default
The recommended git tool is: NONE
No credentials specified
Cloning the remote Git repository
Cloning with configured refspecs honoured and without tags
Cloning repository https://github.com/v-horbachuk/material-design-template
 > git init /var/lib/jenkins/workspace/VasylHorbachuk_master # timeout=10
Fetching upstream changes from https://github.com/v-horbachuk/material-design-template
 > git --version # timeout=10
 > git --version # 'git version 2.25.1'
 > git fetch --no-tags --force --progress -- https://github.com/v-horbachuk/material-design-template +refs/heads/*:refs/remotes/origin/* # timeout=10
 > git config remote.origin.url https://github.com/v-horbachuk/material-design-template # timeout=10
 > git config --add remote.origin.fetch +refs/heads/*:refs/remotes/origin/* # timeout=10
Avoid second fetch
Checking out Revision ddb3e5dfd33c2b59c9361a809a49dc6b06c11864 (master)
 > git config core.sparsecheckout # timeout=10
 > git checkout -f ddb3e5dfd33c2b59c9361a809a49dc6b06c11864 # timeout=10
Commit message: "Update Jenkinsfile_scripted"
 > git rev-list --no-walk 4fc459ed0fb1d31ef1d95525c039bd485a57d6ac # timeout=10
[Pipeline] }
[Pipeline] // stage
[Pipeline] stage
[Pipeline] { (Compressing JS and CSS)
[Pipeline] parallel
[Pipeline] { (Branch: js)
[Pipeline] { (Branch: css)
[Pipeline] sh
[Pipeline] sh
+ /var/lib/jenkins/tools/jenkins.plugins.nodejs.tools.NodeJSInstallation/nodejs16/bin/uglifyjs ./www/js/init.js ./www/js/jquery-2.1.1.min.js ./www/js/materialize.js ./www/js/materialize.min.js ./www/js/modernizr.js -c -o ./www/min/compressed-js.js
+ /var/lib/jenkins/tools/jenkins.plugins.nodejs.tools.NodeJSInstallation/nodejs16/bin/cleancss ./www/css/font-awesome.min.css ./www/css/materialize.css ./www/css/materialize.min.css ./www/css/style.css -o ./www/min/compressed-css.css
[Pipeline] }
[Pipeline] }
[Pipeline] // parallel
[Pipeline] }
[Pipeline] // stage
[Pipeline] stage
[Pipeline] { (Archiving files into TAR)
[Pipeline] sh
+ tar --exclude-vcs --exclude=www/js --exclude=www/css -cvf build.tar .
./
./Week2_CI-CD-tools/
./Week2_CI-CD-tools/README.md
tar: ./build.tar: file is the archive; not dumped
./www/
./www/fonts/
./www/fonts/fontawesome-webfont.svg
./www/fonts/fontawesome-webfont.eot
./www/fonts/fontawesome-webfont.ttf
./www/fonts/FontAwesome.otf
./www/fonts/fontawesome-webfont.woff
./www/img/
./www/img/avatar1.png
./www/img/avatar2.png
./www/img/avatar3.png
./www/img/project4.jpg
./www/img/project1.jpg
./www/img/project3.png
./www/img/project5.png
./www/img/avatar4.png
./www/img/project2.jpeg
./www/img/parallax1.png
./www/img/project6.jpeg
./www/font/
./www/font/material-design-icons/
./www/font/material-design-icons/LICENSE.txt
./www/font/material-design-icons/Material-Design-Icons.eot
./www/font/material-design-icons/Material-Design-Icons.woff2
./www/font/material-design-icons/Material-Design-Icons.ttf
./www/font/material-design-icons/Material-Design-Icons.woff
./www/font/material-design-icons/Material-Design-Icons.svg
./www/font/roboto/
./www/font/roboto/Roboto-Medium.woff
./www/font/roboto/Roboto-Bold.ttf
./www/font/roboto/Roboto-Regular.woff
./www/font/roboto/Roboto-Light.woff2
./www/font/roboto/Roboto-Thin.ttf
./www/font/roboto/Roboto-Bold.woff
./www/font/roboto/Roboto-Medium.ttf
./www/font/roboto/Roboto-Medium.woff2
./www/font/roboto/Roboto-Thin.woff2
./www/font/roboto/Roboto-Light.woff
./www/font/roboto/Roboto-Regular.woff2
./www/font/roboto/Roboto-Thin.woff
./www/font/roboto/Roboto-Bold.woff2
./www/font/roboto/Roboto-Light.ttf
./www/font/roboto/Roboto-Regular.ttf
./www/contact.php
./www/min/
./www/min/compressed-css.css
./www/min/plugin-min.js
./www/min/compressed-js.js
./www/min/custom-min.css
./www/min/custom-min.js
./www/min/plugin-min.css
./www/index.html
./www/favicon.ico
./Jenkinsfile
./Week1_Linux_Nginx/
./Week1_Linux_Nginx/pulling_from_git_cron.sh
./Week1_Linux_Nginx/README.md
./Week1_Linux_Nginx/executed-commands.txt
./Jenkinsfile_scripted
[Pipeline] }
[Pipeline] // stage
[Pipeline] stage
[Pipeline] { (Archiving artifacts to Jenkins)
[Pipeline] archiveArtifacts
Archiving artifacts
[Pipeline] }
[Pipeline] // stage
[Pipeline] }
[Pipeline] // node
[Pipeline] End of Pipeline
Finished: SUCCESS
